<?xml version="1.0" encoding="utf-8" standalone="no"?>
<!--This file represents the results of running a test suite-->
<test-results name="C:\Users\Fernando\Documents\Visual Studio 2013\Projects\Dice\Dice.sln" total="22" errors="0" failures="0" not-run="0" inconclusive="0" ignored="0" skipped="0" invalid="0" date="2014-07-20" time="11:30:30">
  <environment nunit-version="2.6.3.13283" clr-version="2.0.50727.8000" os-version="Microsoft Windows NT 6.2.9200.0" platform="Win32NT" cwd="C:\Program Files (x86)\NUnit 2.6.3\bin" machine-name="GAME" user="Fernando" user-domain="GAME" />
  <culture-info current-culture="en-US" current-uiculture="en-US" />
  <test-suite type="Project" name="C:\Users\Fernando\Documents\Visual Studio 2013\Projects\Dice\Dice.sln" executed="True" result="Success" success="True" time="0.443" asserts="0">
    <results>
      <test-suite type="Assembly" name="C:\Users\Fernando\Documents\Visual Studio 2013\Projects\Dice\Dice\bin\Debug\Dice.exe" executed="True" result="Success" success="True" time="0.428" asserts="0">
        <results>
          <test-suite type="Namespace" name="DiceCollection" executed="True" result="Success" success="True" time="0.422" asserts="0">
            <results>
              <test-suite type="TestFixture" name="DiceTest" executed="True" result="Success" success="True" time="0.351" asserts="0">
                <results>
                  <test-case name="DiceCollection.DiceTest.AddedDiceAreAccessibleInSameOrder" executed="True" result="Success" success="True" time="0.028" asserts="4" />
                  <test-case name="DiceCollection.DiceTest.MakeEmptyCreatesEmptyDiceList" executed="True" result="Success" success="True" time="0.001" asserts="1" />
                  <test-case name="DiceCollection.DiceTest.MakeFromPreexistingDiceClones" executed="True" result="Success" success="True" time="0.001" asserts="5" />
                  <test-case name="DiceCollection.DiceTest.MakeSetOfDiceOfSameSidesWorks" executed="True" result="Success" success="True" time="0.000" asserts="3" />
                  <test-case name="DiceCollection.DiceTest.RollOfDiceReturnsRollsInOrder" executed="True" result="Success" success="True" time="0.301" asserts="3" />
                  <test-case name="DiceCollection.DiceTest.RollOfEmptyDiceReturnsEmptyResults" executed="True" result="Success" success="True" time="0.000" asserts="1" />
                </results>
              </test-suite>
              <test-suite type="TestFixture" name="DieTest" executed="True" result="Success" success="True" time="0.044" asserts="0">
                <results>
                  <test-suite type="ParameterizedTest" name="DiceOfAnySidesReturnsItsSidesCountAsHighest" executed="True" result="Success" success="True" time="0.037" asserts="0">
                    <results>
                      <test-case name="DiceCollection.DieTest.DiceOfAnySidesReturnsItsSidesCountAsHighest(1)" executed="True" result="Success" success="True" time="0.032" asserts="1" />
                      <test-case name="DiceCollection.DieTest.DiceOfAnySidesReturnsItsSidesCountAsHighest(2)" executed="True" result="Success" success="True" time="0.000" asserts="1" />
                      <test-case name="DiceCollection.DieTest.DiceOfAnySidesReturnsItsSidesCountAsHighest(3)" executed="True" result="Success" success="True" time="0.000" asserts="1" />
                    </results>
                  </test-suite>
                  <test-suite type="ParameterizedTest" name="DieOfAnySidesReturns1ForLowest" executed="True" result="Success" success="True" time="0.004" asserts="0">
                    <results>
                      <test-case name="DiceCollection.DieTest.DieOfAnySidesReturns1ForLowest(1)" executed="True" result="Success" success="True" time="0.000" asserts="1" />
                      <test-case name="DiceCollection.DieTest.DieOfAnySidesReturns1ForLowest(2)" executed="True" result="Success" success="True" time="0.000" asserts="1" />
                      <test-case name="DiceCollection.DieTest.DieOfAnySidesReturns1ForLowest(3)" executed="True" result="Success" success="True" time="0.000" asserts="1" />
                    </results>
                  </test-suite>
                </results>
              </test-suite>
              <test-suite type="TestFixture" name="OutcomeTest" executed="True" result="Success" success="True" time="0.021" asserts="0">
                <results>
                  <test-case name="DiceCollection.OutcomeTest.AddResultsAreAddedInOrder" executed="True" result="Success" success="True" time="0.000" asserts="4" />
                  <test-case name="DiceCollection.OutcomeTest.DropLowestOn1ItemReturnsNewEmptyOutcome" executed="True" result="Success" success="True" time="0.001" asserts="2" />
                  <test-case name="DiceCollection.OutcomeTest.DropLowestOn2ItemsThatAreSameReturnsOutcomeWith1" executed="True" result="Success" success="True" time="0.001" asserts="3" />
                  <test-case name="DiceCollection.OutcomeTest.DropLowestOn2ItemsWhereFirstIsGreaterReturnsOutcomeWithFirst" executed="True" result="Success" success="True" time="0.000" asserts="3" />
                  <test-case name="DiceCollection.OutcomeTest.DropLowestOn2ItemsWhereFirstIsLessReturnsOutcomeWithSecond" executed="True" result="Success" success="True" time="0.000" asserts="3" />
                  <test-case name="DiceCollection.OutcomeTest.DropLowestOnEmptyReturnsNewEmptyOutcome" executed="True" result="Success" success="True" time="0.000" asserts="1" />
                  <test-case name="DiceCollection.OutcomeTest.GetResultsForEmptyOutcomeReturns0" executed="True" result="Success" success="True" time="0.001" asserts="1" />
                  <test-case name="DiceCollection.OutcomeTest.GetResultsForOutcomeOfIntsIsCorrect" executed="True" result="Success" success="True" time="0.000" asserts="1" />
                  <test-case name="DiceCollection.OutcomeTest.NewOutcomeHasNoResultList" executed="True" result="Success" success="True" time="0.001" asserts="1" />
                </results>
              </test-suite>
            </results>
          </test-suite>
          <test-suite type="Namespace" name="Util" executed="True" result="Success" success="True" time="0.001" asserts="0">
            <results>
              <test-suite type="TestFixture" name="TheRandomTest" executed="True" result="Success" success="True" time="0.001" asserts="0">
                <results>
                  <test-case name="Util.TheRandomTest.TheRandomDoesntHaveARandomObjectInTests" executed="True" result="Success" success="True" time="0.000" asserts="1" />
                </results>
              </test-suite>
            </results>
          </test-suite>
        </results>
      </test-suite>
    </results>
  </test-suite>
</test-results>